<?xml version="1.0" encoding="UTF-8"?>
<!-- Generated by org.testng.reporters.JUnitReportReporter -->
<testsuite hostname="LAPTOP-UQLJLBQ3" failures="0" tests="4" name="Package1.Lab_3TNG" time="22.150" errors="0" timestamp="2025-08-26T15:48:28 IST" skipped="0">
  <testcase classname="Package1.Lab_3TNG" name="f" time="6.030"/>
  <system-out/>
  <testcase classname="Package1.Lab_3TNG" name="f" time="4.792"/>
  <system-out/>
  <testcase classname="Package1.Lab_3TNG" name="f" time="5.514"/>
  <system-out/>
  <testcase classname="Package1.Lab_3TNG" name="f" time="5.814"/>
  <system-out/>
</testsuite> <!-- Package1.Lab_3TNG -->
