<?xml version="1.0" encoding="UTF-8"?>
<!-- Generated by org.testng.reporters.JUnitReportReporter -->
<testsuite hostname="LAPTOP-UQLJLBQ3" failures="0" tests="1" name="Package1.TC_Screenshots" time="9.166" errors="0" timestamp="2025-08-29T11:40:06 IST" skipped="0">
  <testcase classname="Package1.TC_Screenshots" name="screenshottest" time="9.166"/>
  <system-out/>
</testsuite> <!-- Package1.TC_Screenshots -->
