<?xml version="1.0" encoding="UTF-8"?>
<!-- Generated by org.testng.reporters.JUnitReportReporter -->
<testsuite hostname="LAPTOP-UQLJLBQ3" failures="0" tests="4" name="Package1.TC_010_Groups" time="0.018" errors="0" timestamp="2025-08-26T15:25:51 IST" skipped="0">
  <testcase classname="Package1.TC_010_Groups" name="test2" time="0.002"/>
  <system-out/>
  <testcase classname="Package1.TC_010_Groups" name="test3" time="0.001"/>
  <system-out/>
  <testcase classname="Package1.TC_010_Groups" name="test1" time="0.014"/>
  <system-out/>
  <testcase classname="Package1.TC_010_Groups" name="test4" time="0.001"/>
  <system-out/>
</testsuite> <!-- Package1.TC_010_Groups -->
