<?xml version="1.0" encoding="UTF-8"?>
<!-- Generated by org.testng.reporters.JUnitReportReporter -->
<testsuite hostname="LAPTOP-UQLJLBQ3" failures="0" tests="4" name="Package1.Lab_4TNG" time="23.743" errors="0" timestamp="2025-08-26T15:48:28 IST" skipped="0">
  <testcase classname="Package1.Lab_4TNG" name="f" time="5.791"/>
  <system-out/>
  <testcase classname="Package1.Lab_4TNG" name="f" time="5.554"/>
  <system-out/>
  <testcase classname="Package1.Lab_4TNG" name="f" time="5.728"/>
  <system-out/>
  <testcase classname="Package1.Lab_4TNG" name="f" time="6.670"/>
  <system-out/>
</testsuite> <!-- Package1.Lab_4TNG -->
